<?xml version="1.0" encoding="UTF-8"?>
<testsuite hostname="Kevins-MacBook-Pro.local" name="com.yourcompany.SampleSauceTest" tests="4" failures="0" timestamp="1 Oct 2015 16:52:44 GMT" time="236.499" errors="0">
  <testcase name="launchTest" time="31.473" classname="com.yourcompany.SampleSauceTest"/>
  <testcase name="addSumTest" time="110.648" classname="com.yourcompany.SampleSauceTest"/>
  <testcase name="launchTest" time="113.911" classname="com.yourcompany.SampleSauceTest"/>
  <testcase name="addSumTest" time="235.219" classname="com.yourcompany.SampleSauceTest"/>
</testsuite>
