<?xml version="1.0" encoding="UTF-8"?>
<testsuite hostname="Kevins-MacBook-Pro.local" name="com.yourcompany.SampleSauceTest" tests="4" failures="0" timestamp="1 Oct 2015 15:59:43 GMT" time="155.296" errors="0">
  <testcase name="launchTest" time="42.818" classname="com.yourcompany.SampleSauceTest"/>
  <testcase name="launchTest" time="50.94" classname="com.yourcompany.SampleSauceTest"/>
  <testcase name="addContactTest" time="76.617" classname="com.yourcompany.SampleSauceTest"/>
  <testcase name="addContactTest" time="154.369" classname="com.yourcompany.SampleSauceTest"/>
</testsuite>
